<?xml version="1.0" encoding="UTF-8"?>
<!-- Generated by org.testng.reporters.JUnitReportReporter -->
<testsuite hostname="DESKTOP-ES6JCAK" failures="0" tests="5" name="com.qa.hostel.tesPackage.homePageTest" time="51.904" errors="0" timestamp="2021-06-15T08:44:48 IST" skipped="0">
  <testcase classname="com.qa.hostel.tesPackage.homePageTest" name="addStudentLink" time="9.749"/>
  <system-out/>
  <testcase classname="com.qa.hostel.tesPackage.homePageTest" name="logOutTest" time="10.207"/>
  <system-out/>
  <testcase classname="com.qa.hostel.tesPackage.homePageTest" name="roomAllocationTest" time="11.506"/>
  <system-out/>
  <testcase classname="com.qa.hostel.tesPackage.homePageTest" name="addNewStudentButtonTest" time="10.559"/>
  <system-out/>
  <testcase classname="com.qa.hostel.tesPackage.homePageTest" name="admittedStudTest" time="9.883"/>
  <system-out/>
</testsuite> <!-- com.qa.hostel.tesPackage.homePageTest -->
