<?xml version="1.0" encoding="UTF-8"?>
<!-- Generated by org.testng.reporters.JUnitReportReporter -->
<testsuite hostname="DESKTOP-ES6JCAK" failures="0" tests="4" name="com.qa.hostel.tesPackage.loginPageTest" time="31.224" errors="0" timestamp="2021-06-13T10:54:48 IST" skipped="0">
  <testcase classname="com.qa.hostel.tesPackage.loginPageTest" name="signInButton" time="6.547"/>
  <system-out/>
  <testcase classname="com.qa.hostel.tesPackage.loginPageTest" name="verifyLogin" time="8.313"/>
  <system-out/>
  <testcase classname="com.qa.hostel.tesPackage.loginPageTest" name="logoTest" time="5.753"/>
  <system-out/>
  <testcase classname="com.qa.hostel.tesPackage.loginPageTest" name="titleTest" time="10.611"/>
  <system-out/>
</testsuite> <!-- com.qa.hostel.tesPackage.loginPageTest -->
