<?xml version="1.0" encoding="UTF-8"?>
<!-- Generated by org.testng.reporters.JUnitReportReporter -->
<testsuite hostname="DESKTOP-ES6JCAK" failures="0" tests="4" name="com.qa.hostel.tesPackage.loginPageTest" time="36.013" errors="0" timestamp="2021-06-15T07:55:36 IST" skipped="0">
  <testcase classname="com.qa.hostel.tesPackage.loginPageTest" name="signInButton" time="9.003"/>
  <system-out/>
  <testcase classname="com.qa.hostel.tesPackage.loginPageTest" name="verifyLogin" time="7.167"/>
  <system-out/>
  <testcase classname="com.qa.hostel.tesPackage.loginPageTest" name="logoTest" time="14.946"/>
  <system-out/>
  <testcase classname="com.qa.hostel.tesPackage.loginPageTest" name="titleTest" time="4.897"/>
  <system-out/>
</testsuite> <!-- com.qa.hostel.tesPackage.loginPageTest -->
