<?xml version="1.0" encoding="UTF-8"?>
<!-- Generated by org.testng.reporters.JUnitReportReporter -->
<testsuite hostname="DESKTOP-ES6JCAK" failures="0" tests="4" name="com.qa.hostel.testPackage.loginPageTest" time="23.753" errors="0" timestamp="2021-06-15T08:53:39 IST" skipped="0">
  <testcase classname="com.qa.hostel.testPackage.loginPageTest" name="verifyLogin" time="7.209"/>
  <system-out/>
  <testcase classname="com.qa.hostel.testPackage.loginPageTest" name="signInButton" time="6.589"/>
  <system-out/>
  <testcase classname="com.qa.hostel.testPackage.loginPageTest" name="titleTest" time="4.762"/>
  <system-out/>
  <testcase classname="com.qa.hostel.testPackage.loginPageTest" name="logoTest" time="5.193"/>
  <system-out/>
</testsuite> <!-- com.qa.hostel.testPackage.loginPageTest -->
