<?xml version="1.0" encoding="UTF-8"?>
<!-- Generated by org.testng.reporters.JUnitReportReporter -->
<testsuite hostname="DESKTOP-ES6JCAK" failures="0" tests="5" name="com.qa.hostel.testPackage.homePageTest" time="49.598" errors="0" timestamp="2021-06-15T08:53:39 IST" skipped="0">
  <testcase classname="com.qa.hostel.testPackage.homePageTest" name="roomAllocationTest" time="10.037"/>
  <system-out/>
  <testcase classname="com.qa.hostel.testPackage.homePageTest" name="admittedStudTest" time="9.641"/>
  <system-out/>
  <testcase classname="com.qa.hostel.testPackage.homePageTest" name="addStudentLink" time="9.914"/>
  <system-out/>
  <testcase classname="com.qa.hostel.testPackage.homePageTest" name="logOutTest" time="9.928"/>
  <system-out/>
  <testcase classname="com.qa.hostel.testPackage.homePageTest" name="addNewStudentButtonTest" time="10.078"/>
  <system-out/>
</testsuite> <!-- com.qa.hostel.testPackage.homePageTest -->
